Arguments: 
  C:\Users\stefa\AppData\Local\Volta\tools\image\node\20.10.0\node.exe C:\Users\stefa\.yarn\releases\yarn-1.22.17.js

PATH: 
  C:\Users\stefa\AppData\Local\Volta\tools\image\yarn\1.22.19\bin;C:\Users\stefa\AppData\Local\Volta\tools\image\node\20.10.0;C:\Program Files\Git\mingw64\bin;C:\Program Files\Git\usr\bin;C:\Users\stefa\bin;C:\Program Files\Volta\;C:\Program Files (x86)\Microsoft SDKs\Azure\CLI2\wbin;C:\ProgramData\Oracle\Java\javapath;C:\Windows\system32;C:\Windows;C:\Windows\System32\Wbem;C:\Windows\System32\WindowsPowerShell\v1.0\;C:\Program Files (x86)\GtkSharp\2.12\bin;C:\Program Files (x86)\Windows Kits\8.1\Windows Performance Toolkit\;C:\WINDOWS\system32;C:\WINDOWS;C:\WINDOWS\System32\Wbem;C:\WINDOWS\System32\WindowsPowerShell\v1.0\;C:\WINDOWS\System32\OpenSSH\;C:\Program Files\NVIDIA Corporation\NVIDIA NvDLISR;C:\Program Files (x86)\NVIDIA Corporation\PhysX\Common;C:\Program Files\dotnet\;C:\Program Files (x86)\Microsoft VS Code\bin;G:\QuickTime\QTSystem\;C:\Program Files (x86)\Yarn\bin\;C:\Users\stefa\AppData\Local\hyper\app-3.0.2\resources\bin;C:\terraform;C:\Program Files\OpenVPN\bin;C:\Program Files (x86)\Microsoft SQL Server\150\DTS\Binn\;C:\WINDOWS\system32;C:\WINDOWS;C:\WINDOWS\System32\Wbem;C:\WINDOWS\System32\WindowsPowerShell\v1.0\;C:\WINDOWS\System32\OpenSSH\;C:\Program Files\Git\cmd;C:\ProgramData\chocolatey\bin;C:\Program Files\Docker\Docker\resources\bin;C:\ProgramData\DockerDesktop\version-bin;C:\Program Files (x86)\AOMEI\AOMEI Backupper\6.7.0;C:\Program Files\Gource\cmd;C:\Program Files\Microsoft SQL Server\Client SDK\ODBC\170\Tools\Binn\;C:\Program Files (x86)\Microsoft SQL Server\150\Tools\Binn\;C:\Program Files\Microsoft SQL Server\150\Tools\Binn\;C:\Program Files\Microsoft SQL Server\150\DTS\Binn\;C:\Program Files\nodejs\;C:\Users\stefa\AppData\Local\Volta\bin;C:\Users\stefa\AppData\Local\Microsoft\WindowsApps;C:\Program Files (x86)\Microsoft VS Code\bin;C:\Users\stefa\AppData\Local\.meteor\;C:\Users\stefa\AppData\Local\Yarn\bin;C:\Program Files\heroku\bin;C:\Users\stefa\AppData\Local\Android\Sdk\tools;C:\Users\stefa\AppData\Local\Android\Sdk\platform-tools;C:\Users\stefa\AppData\Local\Programs\Hyper\resources\bin;C:\Users\stefa\AppData\Roaming\npm

Yarn version: 
  1.22.17

Node version: 
  20.10.0

Platform: 
  win32 x64

Trace: 
  Error: https://registry.yarnpkg.com/ts-node: error:0A00018E:SSL routines::ca md too weak
      at node:internal/tls/secure-context:70:13
      at Array.forEach (<anonymous>)
      at setCerts (node:internal/tls/secure-context:68:3)
      at configSecureContext (node:internal/tls/secure-context:161:5)
      at Object.createSecureContext (node:_tls_common:116:3)
      at Object.connect (node:_tls_wrap:1763:48)
      at Agent.createConnection (node:https:170:22)
      at Agent.createSocket (node:_http_agent:340:26)
      at Agent.addRequest (node:_http_agent:288:10)
      at new ClientRequest (node:_http_client:337:16)

npm manifest: 
  {
    "name": "aoc2023",
    "version": "1.0.0",
    "main": "index.js",
    "scripts": {
      "test": "echo \"Error: no test specified\" && exit 1"
    },
    "keywords": [],
    "author": "",
    "license": "ISC",
    "description": "",
    "devDependencies": {
      "ts-node": "^10.9.1",
      "typescript": "^5.3.2"
    }
  }

yarn manifest: 
  No manifest

Lockfile: 
  No lockfile
